In 1386 a pig in France was executed by public hanging for the murder of a child. 
In 1386 a pig in France was executed by public hanging for the murder of a child. 
It would take a sloth one month to travel one mile. 
In 1386 a pig in France was executed by public hanging for the murder of a child. 
female mosquitoes are the ones that bite 
It would take a sloth one month to travel one mile. 
In 1386 a pig in France was executed by public hanging for the murder of a child. 
You cannot snore and dream at the same time. 
You cannot snore and dream at the same time. 
female mosquitoes are the ones that bite 
It would take a sloth one month to travel one mile. 
It would take a sloth one month to travel one mile. 
A single cloud can weight more than 1 million pounds. 
A single cloud can weight more than 1 million pounds. 
In 1386 a pig in France was executed by public hanging for the murder of a child. 
A single cloud can weight more than 1 million pounds. 
You cannot snore and dream at the same time. 
A single cloud can weight more than 1 million pounds. 
Bolts of lightning can shoot out of an erupting volcano. 
You cannot snore and dream at the same time. 
Banging your head against a wall burns 150 calories an hour. 
It would take a sloth one month to travel one mile. 
In 1386 a pig in France was executed by public hanging for the murder of a child. 
It would take a sloth one month to travel one mile. 
It would take a sloth one month to travel one mile. 
It would take a sloth one month to travel one mile. 
In 1386 a pig in France was executed by public hanging for the murder of a child. 
Banging your head against a wall burns 150 calories an hour. 
It would take a sloth one month to travel one mile. 
A single cloud can weight more than 1 million pounds. 
It would take a sloth one month to travel one mile. 
You cannot snore and dream at the same time. 
In 1386 a pig in France was executed by public hanging for the murder of a child. 
Bolts of lightning can shoot out of an erupting volcano. 
A single cloud can weight more than 1 million pounds. 
A single cloud can weight more than 1 million pounds. 
It would take a sloth one month to travel one mile. 
It would take a sloth one month to travel one mile. 
A single cloud can weight more than 1 million pounds. 
female mosquitoes are the ones that bite 
It would take a sloth one month to travel one mile. 
In 1386 a pig in France was executed by public hanging for the murder of a child. 
Bolts of lightning can shoot out of an erupting volcano. 
Bolts of lightning can shoot out of an erupting volcano. 
You cannot snore and dream at the same time. 
You cannot snore and dream at the same time. 
It would take a sloth one month to travel one mile. 
You cannot snore and dream at the same time. 
female mosquitoes are the ones that bite 
female mosquitoes are the ones that bite 
In 1386 a pig in France was executed by public hanging for the murder of a child. 
Banging your head against a wall burns 150 calories an hour. 
female mosquitoes are the ones that bite 
You cannot snore and dream at the same time. 
You cannot snore and dream at the same time. 
A single cloud can weight more than 1 million pounds. 
You cannot snore and dream at the same time. 
female mosquitoes are the ones that bite 
A single cloud can weight more than 1 million pounds. 
It would take a sloth one month to travel one mile. 
You cannot snore and dream at the same time. 
Banging your head against a wall burns 150 calories an hour. 
A single cloud can weight more than 1 million pounds. 
Bolts of lightning can shoot out of an erupting volcano. 
In 1386 a pig in France was executed by public hanging for the murder of a child. 
In 1386 a pig in France was executed by public hanging for the murder of a child. 
You cannot snore and dream at the same time. 
female mosquitoes are the ones that bite 
In 1386 a pig in France was executed by public hanging for the murder of a child. 
It would take a sloth one month to travel one mile. 
You cannot snore and dream at the same time. 
It would take a sloth one month to travel one mile. 
A single cloud can weight more than 1 million pounds. 
You cannot snore and dream at the same time. 
You cannot snore and dream at the same time. 
In 1386 a pig in France was executed by public hanging for the murder of a child. 
Banging your head against a wall burns 150 calories an hour. 
Banging your head against a wall burns 150 calories an hour. 
female mosquitoes are the ones that bite 
female mosquitoes are the ones that bite 
In 1386 a pig in France was executed by public hanging for the murder of a child. 
You cannot snore and dream at the same time. 
It would take a sloth one month to travel one mile. 
female mosquitoes are the ones that bite 
A single cloud can weight more than 1 million pounds. 
In 1386 a pig in France was executed by public hanging for the murder of a child. 
It would take a sloth one month to travel one mile. 
Banging your head against a wall burns 150 calories an hour. 
female mosquitoes are the ones that bite 
You cannot snore and dream at the same time. 
female mosquitoes are the ones that bite 
In 1386 a pig in France was executed by public hanging for the murder of a child. 
female mosquitoes are the ones that bite 
Banging your head against a wall burns 150 calories an hour. 
Banging your head against a wall burns 150 calories an hour. 
Banging your head against a wall burns 150 calories an hour. 
You cannot snore and dream at the same time. 
A single cloud can weight more than 1 million pounds. 
female mosquitoes are the ones that bite 
You cannot snore and dream at the same time. 
In 1386 a pig in France was executed by public hanging for the murder of a child. 
A single cloud can weight more than 1 million pounds. 
Banging your head against a wall burns 150 calories an hour. 
Banging your head against a wall burns 150 calories an hour. 
You cannot snore and dream at the same time. 
Bolts of lightning can shoot out of an erupting volcano. 
You cannot snore and dream at the same time. 
A single cloud can weight more than 1 million pounds. 
Bolts of lightning can shoot out of an erupting volcano. 
It would take a sloth one month to travel one mile. 
female mosquitoes are the ones that bite 
You cannot snore and dream at the same time. 
Bolts of lightning can shoot out of an erupting volcano. 
You cannot snore and dream at the same time. 
Banging your head against a wall burns 150 calories an hour. 
You cannot snore and dream at the same time. 
You cannot snore and dream at the same time. 
Banging your head against a wall burns 150 calories an hour. 
You cannot snore and dream at the same time. 
A single cloud can weight more than 1 million pounds. 
Bolts of lightning can shoot out of an erupting volcano. 
It would take a sloth one month to travel one mile. 
In 1386 a pig in France was executed by public hanging for the murder of a child. 
It would take a sloth one month to travel one mile. 
You cannot snore and dream at the same time. 
Bolts of lightning can shoot out of an erupting volcano. 
You cannot snore and dream at the same time. 
In 1386 a pig in France was executed by public hanging for the murder of a child. 
female mosquitoes are the ones that bite 
A single cloud can weight more than 1 million pounds. 
Bolts of lightning can shoot out of an erupting volcano. 
Banging your head against a wall burns 150 calories an hour. 
A single cloud can weight more than 1 million pounds. 
Banging your head against a wall burns 150 calories an hour. 
A single cloud can weight more than 1 million pounds. 
female mosquitoes are the ones that bite 
You cannot snore and dream at the same time. 
Banging your head against a wall burns 150 calories an hour. 
female mosquitoes are the ones that bite 
female mosquitoes are the ones that bite 
Banging your head against a wall burns 150 calories an hour. 
Banging your head against a wall burns 150 calories an hour. 
It would take a sloth one month to travel one mile. 
A single cloud can weight more than 1 million pounds. 
It would take a sloth one month to travel one mile. 
In 1386 a pig in France was executed by public hanging for the murder of a child. 
It would take a sloth one month to travel one mile. 
Bolts of lightning can shoot out of an erupting volcano. 
female mosquitoes are the ones that bite 
It would take a sloth one month to travel one mile. 
